<?xml version="1.0" encoding="UTF-8"?>
<testsuite name="JUnit Jupiter" tests="1" skipped="0" failures="0" errors="0" time="0.035" hostname="fabrice-ThinkPad-T14s-Gen-1" timestamp="2021-03-24T18:13:23">
<properties>
[...]
</properties>
<testcase name="getMagicalTest()" classname="RPGTest" time="0.008">
<system-out><![CDATA[
unique-id: [engine:junit-jupiter]/[class:RPGTest]/[method:getMagicalTest()]
display-name: getMagicalTest()
]]></system-out>
</testcase>
<system-out><![CDATA[
unique-id: [engine:junit-jupiter]
display-name: JUnit Jupiter
]]></system-out>
</testsuite>
